#-----------------------------------------------------------
# Vivado v2018.3 (64-bit)
# SW Build 2405991 on Thu Dec  6 23:38:27 MST 2018
# IP Build 2404404 on Fri Dec  7 01:43:56 MST 2018
# Start of session at: Sat Aug  1 10:53:03 2020
# Process ID: 18036
# Current directory: C:/Users/Decade/Desktop/Maker_LED
# Command line: vivado.exe -gui_launcher_event rodinguilauncherevent13220 C:\Users\Decade\Desktop\Maker_LED\Maker_LED.xpr
# Log file: C:/Users/Decade/Desktop/Maker_LED/vivado.log
# Journal file: C:/Users/Decade/Desktop/Maker_LED\vivado.jou
#-----------------------------------------------------------
start_gui
open_project C:/Users/Decade/Desktop/Maker_LED/Maker_LED.xpr
INFO: [Project 1-313] Project file moved from 'D:/labbbbb/Maker_LED' since last save.
CRITICAL WARNING: [Project 1-311] Could not find the file 'C:/Users/Decade/saillingsi/camera/Camera_Demo/OV5647/OV5647.coe', nor could it be found using path 'D:/saillingsi/camera/Camera_Demo/OV5647/OV5647.coe'.
CRITICAL WARNING: [Project 1-19] Could not find the file 'E:/FPGA-Demo-Project/Camera_Demo/tcl/Elimate_Constraints_Error.tcl'.
Scanning sources...
Finished scanning sources
WARNING: [filemgmt 56-2] IP Repository Path: Could not find the directory 'C:/Users/Decade/saillingsi/camera/Camera_Demo/IP_Core', nor could it be found using path 'D:/saillingsi/camera/Camera_Demo/IP_Core'.
WARNING: [filemgmt 56-2] IP Repository Path: Could not find the directory 'C:/Users/Decade/saillingsi/example/Examples/FPGA-IP/Frequency-Divider-IP/IP', nor could it be found using path 'D:/saillingsi/example/Examples/FPGA-IP/Frequency-Divider-IP/IP'.
WARNING: [filemgmt 56-2] IP Repository Path: Could not find the directory 'C:/Users/Decade/saillingsi/example/Examples/FPGA-IP/LED-IP/RGB-LED-Task-IP', nor could it be found using path 'D:/saillingsi/example/Examples/FPGA-IP/LED-IP/RGB-LED-Task-IP'.
INFO: [IP_Flow 19-234] Refreshing IP repositories
WARNING: [IP_Flow 19-2248] Failed to load user IP repository 'c:/Users/Decade/saillingsi/camera/Camera_Demo/IP_Core'; Can't find the specified path.
If this directory should no longer be in your list of user repositories, go to the IP Settings dialog and remove it.
WARNING: [IP_Flow 19-2248] Failed to load user IP repository 'c:/Users/Decade/saillingsi/example/Examples/FPGA-IP/Frequency-Divider-IP/IP'; Can't find the specified path.
If this directory should no longer be in your list of user repositories, go to the IP Settings dialog and remove it.
WARNING: [IP_Flow 19-2248] Failed to load user IP repository 'c:/Users/Decade/saillingsi/example/Examples/FPGA-IP/LED-IP/RGB-LED-Task-IP'; Can't find the specified path.
If this directory should no longer be in your list of user repositories, go to the IP Settings dialog and remove it.
INFO: [IP_Flow 19-2313] Loaded Vivado IP repository 'E:/xlink_vivado/Vivado/2018.3/data/ip'.
WARNING: [IP_Flow 19-2162] IP 'csi_to_axis_0' is locked:
* IP definition 'csi_to_axis (1.0)' for IP 'csi_to_axis_0' (customized with software release 2018.3) was not found in the IP Catalog.
Please select 'Report IP Status' from the 'Tools/Report' menu or run Tcl command 'report_ip_status' for more information.
WARNING: [IP_Flow 19-2162] IP 'csi2_d_phy_rx_0' is locked:
* IP definition 'csi2_d_phy_rx (1.0)' for IP 'csi2_d_phy_rx_0' (customized with software release 2018.3) was not found in the IP Catalog.
Please select 'Report IP Status' from the 'Tools/Report' menu or run Tcl command 'report_ip_status' for more information.
WARNING: [IP_Flow 19-2162] IP 'rgb2dvi_0' is locked:
* IP definition 'rgb2dvi (1.2)' for IP 'rgb2dvi_0' (customized with software release 2018.3) was not found in the IP Catalog.
Please select 'Report IP Status' from the 'Tools/Report' menu or run Tcl command 'report_ip_status' for more information.
WARNING: [IP_Flow 19-2162] IP 'Clk_Division_0' is locked:
* IP definition 'Clk_Division (1.0)' for IP 'Clk_Division_0' (customized with software release 2018.3) was not found in the IP Catalog.
Please select 'Report IP Status' from the 'Tools/Report' menu or run Tcl command 'report_ip_status' for more information.
WARNING: [IP_Flow 19-2162] IP 'Clk_Division_1' is locked:
* IP definition 'Clk_Division (1.0)' for IP 'Clk_Division_1' (customized with software release 2018.3) was not found in the IP Catalog.
Please select 'Report IP Status' from the 'Tools/Report' menu or run Tcl command 'report_ip_status' for more information.
WARNING: [IP_Flow 19-2162] IP 'RGB_LED_Task_0' is locked:
* IP definition 'RGB_LED_Task (1.0)' for IP 'RGB_LED_Task_0' (customized with software release 2018.3) was not found in the IP Catalog.
Please select 'Report IP Status' from the 'Tools/Report' menu or run Tcl command 'report_ip_status' for more information.
open_project: Time (s): cpu = 00:00:17 ; elapsed = 00:00:09 . Memory (MB): peak = 765.969 ; gain = 175.449
update_compile_order -fileset sources_1
reset_run synth_1
launch_runs synth_1 -jobs 2
[Sat Aug  1 10:55:29 2020] Launched synth_1...
Run output will be captured here: C:/Users/Decade/Desktop/Maker_LED/Maker_LED.runs/synth_1/runme.log
exit
INFO: [Common 17-206] Exiting Vivado at Sat Aug  1 11:46:40 2020...
